<?xml version="1.0" encoding="UTF-8"?>
<!-- Generated by org.testng.reporters.JUnitXMLReporter -->
<testsuite ignored="0" hostname="TLSHY-CPU-00102" failures="3" tests="4" name="TestNg" time="120.458" errors="0" timestamp="2024-11-19T12:01:21 IST">
  <testcase classname="testcases.TC_MC_004" name="TC_MC_004_testCase" time="16.334">
    <failure type="java.lang.AssertionError" message="element click intercepted: Element &amp;lt;span class=&amp;quot;plusminus2&amp;quot; id=&amp;quot;pm&amp;quot; title=&amp;quot;Expand&amp;quot;&amp;gt;&amp;lt;/span&amp;gt; is not clickable at point (24, 124). Other element would receive the click: &amp;lt;div class=&amp;quot;popupProcessing&amp;quot;&amp;gt;...&amp;lt;/div&amp;gt;
  (Session info: chrome=131.0.6778.70)
Build info: version: &amp;apos;4.26.0&amp;apos;, revision: &amp;apos;8ccf0219d7&amp;apos;
System info: os.name: &amp;apos;Windows 10&amp;apos;, os.arch: &amp;apos;amd64&amp;apos;, os.version: &amp;apos;10.0&amp;apos;, java.version: &amp;apos;23&amp;apos;
Driver info: org.openqa.selenium.chrome.ChromeDriver
Command: [c3b54511b40730ed6b883b4e7d12bb71, clickElement {id=f.E7799139F6FD23F6034D578BD01FB783.d.A0D1F7B51FEB0E14949B491EF4504F14.e.276}]
Capabilities {acceptInsecureCerts: false, browserName: chrome, browserVersion: 131.0.6778.70, chrome: {chromedriverVersion: 131.0.6778.69 (77e2244bbcda..., userDataDir: C:\Users\SIVAKU~1.VEE\AppDa...}, fedcm:accounts: true, goog:chromeOptions: {debuggerAddress: localhost:57401}, networkConnectionEnabled: false, pageLoadStrategy: normal, platformName: windows, proxy: Proxy(), se:cdp: ws://localhost:57401/devtoo..., se:cdpVersion: 131.0.6778.70, setWindowRect: true, strictFileInteractability: false, timeouts: {implicit: 0, pageLoad: 300000, script: 30000}, unhandledPromptBehavior: dismiss and notify, webauthn:extension:credBlob: true, webauthn:extension:largeBlob: true, webauthn:extension:minPinLength: true, webauthn:extension:prf: true, webauthn:virtualAuthenticators: true}
Element: [[ChromeDriver: chrome on windows (c3b54511b40730ed6b883b4e7d12bb71)] -&amp;gt; xpath: //span[@id=&amp;apos;pm&amp;apos;]]
Session ID: c3b54511b40730ed6b883b4e7d12bb71">
      <![CDATA[java.lang.AssertionError: element click intercepted: Element <span class="plusminus2" id="pm" title="Expand"></span> is not clickable at point (24, 124). Other element would receive the click: <div class="popupProcessing">...</div>
  (Session info: chrome=131.0.6778.70)
Build info: version: '4.26.0', revision: '8ccf0219d7'
System info: os.name: 'Windows 10', os.arch: 'amd64', os.version: '10.0', java.version: '23'
Driver info: org.openqa.selenium.chrome.ChromeDriver
Command: [c3b54511b40730ed6b883b4e7d12bb71, clickElement {id=f.E7799139F6FD23F6034D578BD01FB783.d.A0D1F7B51FEB0E14949B491EF4504F14.e.276}]
Capabilities {acceptInsecureCerts: false, browserName: chrome, browserVersion: 131.0.6778.70, chrome: {chromedriverVersion: 131.0.6778.69 (77e2244bbcda..., userDataDir: C:\Users\SIVAKU~1.VEE\AppDa...}, fedcm:accounts: true, goog:chromeOptions: {debuggerAddress: localhost:57401}, networkConnectionEnabled: false, pageLoadStrategy: normal, platformName: windows, proxy: Proxy(), se:cdp: ws://localhost:57401/devtoo..., se:cdpVersion: 131.0.6778.70, setWindowRect: true, strictFileInteractability: false, timeouts: {implicit: 0, pageLoad: 300000, script: 30000}, unhandledPromptBehavior: dismiss and notify, webauthn:extension:credBlob: true, webauthn:extension:largeBlob: true, webauthn:extension:minPinLength: true, webauthn:extension:prf: true, webauthn:virtualAuthenticators: true}
Element: [[ChromeDriver: chrome on windows (c3b54511b40730ed6b883b4e7d12bb71)] -> xpath: //span[@id='pm']]
Session ID: c3b54511b40730ed6b883b4e7d12bb71
at testcases.TC_MC_004.TC_MC_004_testCase(TC_MC_004.java:52)
at java.base/java.util.ArrayList.forEach(ArrayList.java:1597)
... Removed 26 stack frames]]>
    </failure>
  </testcase> <!-- TC_MC_004_testCase -->
  <testcase classname="testcases.TC_MC_005" name="TC_MC_005_testCase" time="6.896">
    <failure type="java.lang.AssertionError" message="element click intercepted: Element &amp;lt;span class=&amp;quot;plusminus2&amp;quot; id=&amp;quot;pm&amp;quot; title=&amp;quot;Expand&amp;quot;&amp;gt;&amp;lt;/span&amp;gt; is not clickable at point (24, 124). Other element would receive the click: &amp;lt;div class=&amp;quot;popupProcessing&amp;quot;&amp;gt;...&amp;lt;/div&amp;gt;
  (Session info: chrome=131.0.6778.70)
Build info: version: &amp;apos;4.26.0&amp;apos;, revision: &amp;apos;8ccf0219d7&amp;apos;
System info: os.name: &amp;apos;Windows 10&amp;apos;, os.arch: &amp;apos;amd64&amp;apos;, os.version: &amp;apos;10.0&amp;apos;, java.version: &amp;apos;23&amp;apos;
Driver info: org.openqa.selenium.chrome.ChromeDriver
Command: [f259bfd550d765639eb782d2c43157a7, clickElement {id=f.93AE4AF252C9811ED0C1070D750E5771.d.8760E50C443FA812EE859FE0D6E4DB41.e.267}]
Capabilities {acceptInsecureCerts: false, browserName: chrome, browserVersion: 131.0.6778.70, chrome: {chromedriverVersion: 131.0.6778.69 (77e2244bbcda..., userDataDir: C:\Users\SIVAKU~1.VEE\AppDa...}, fedcm:accounts: true, goog:chromeOptions: {debuggerAddress: localhost:57502}, networkConnectionEnabled: false, pageLoadStrategy: normal, platformName: windows, proxy: Proxy(), se:cdp: ws://localhost:57502/devtoo..., se:cdpVersion: 131.0.6778.70, setWindowRect: true, strictFileInteractability: false, timeouts: {implicit: 0, pageLoad: 300000, script: 30000}, unhandledPromptBehavior: dismiss and notify, webauthn:extension:credBlob: true, webauthn:extension:largeBlob: true, webauthn:extension:minPinLength: true, webauthn:extension:prf: true, webauthn:virtualAuthenticators: true}
Element: [[ChromeDriver: chrome on windows (f259bfd550d765639eb782d2c43157a7)] -&amp;gt; xpath: //span[@id=&amp;apos;pm&amp;apos;]]
Session ID: f259bfd550d765639eb782d2c43157a7">
      <![CDATA[java.lang.AssertionError: element click intercepted: Element <span class="plusminus2" id="pm" title="Expand"></span> is not clickable at point (24, 124). Other element would receive the click: <div class="popupProcessing">...</div>
  (Session info: chrome=131.0.6778.70)
Build info: version: '4.26.0', revision: '8ccf0219d7'
System info: os.name: 'Windows 10', os.arch: 'amd64', os.version: '10.0', java.version: '23'
Driver info: org.openqa.selenium.chrome.ChromeDriver
Command: [f259bfd550d765639eb782d2c43157a7, clickElement {id=f.93AE4AF252C9811ED0C1070D750E5771.d.8760E50C443FA812EE859FE0D6E4DB41.e.267}]
Capabilities {acceptInsecureCerts: false, browserName: chrome, browserVersion: 131.0.6778.70, chrome: {chromedriverVersion: 131.0.6778.69 (77e2244bbcda..., userDataDir: C:\Users\SIVAKU~1.VEE\AppDa...}, fedcm:accounts: true, goog:chromeOptions: {debuggerAddress: localhost:57502}, networkConnectionEnabled: false, pageLoadStrategy: normal, platformName: windows, proxy: Proxy(), se:cdp: ws://localhost:57502/devtoo..., se:cdpVersion: 131.0.6778.70, setWindowRect: true, strictFileInteractability: false, timeouts: {implicit: 0, pageLoad: 300000, script: 30000}, unhandledPromptBehavior: dismiss and notify, webauthn:extension:credBlob: true, webauthn:extension:largeBlob: true, webauthn:extension:minPinLength: true, webauthn:extension:prf: true, webauthn:virtualAuthenticators: true}
Element: [[ChromeDriver: chrome on windows (f259bfd550d765639eb782d2c43157a7)] -> xpath: //span[@id='pm']]
Session ID: f259bfd550d765639eb782d2c43157a7
at testcases.TC_MC_005.TC_MC_005_testCase(TC_MC_005.java:56)
at java.base/java.util.ArrayList.forEach(ArrayList.java:1597)
... Removed 26 stack frames]]>
    </failure>
  </testcase> <!-- TC_MC_005_testCase -->
  <testcase classname="testcases.TC_MC_001" name="TC_MC_001testCase" time="5.185">
    <failure type="java.lang.AssertionError" message="Case Page Message Did Not Match expected [My Casess] but found [My Cases]">
      <![CDATA[java.lang.AssertionError: Case Page Message Did Not Match expected [My Casess] but found [My Cases]
at testcases.TC_MC_001.TC_MC_001testCase(TC_MC_001.java:45)
at java.base/java.util.ArrayList.forEach(ArrayList.java:1597)
... Removed 30 stack frames]]>
    </failure>
  </testcase> <!-- TC_MC_001testCase -->
  <testcase classname="testcases.TC_MC_002" name="TC_MC_002_testCase" time="57.696"/>
</testsuite> <!-- TestNg -->
