<!DOCTYPE html PUBLIC "-//W3C//DTD XHTML 1.1//EN" "https://www.w3.org/TR/xhtml11/DTD/xhtml11.dtd">
<html xmlns="https://www.w3.org/1999/xhtml">
<head>
<meta http-equiv="content-type" content="text/html; charset=UTF-8"/>
<title>TestNG Report</title>
<style type="text/css">table {margin-bottom:10px;border-collapse:collapse;empty-cells:show}th,td {border:1px solid #009;padding:.25em .5em}th {vertical-align:bottom}td {vertical-align:top}table a {font-weight:bold}.stripe td {background-color: #E6EBF9}.num {text-align:right}.passedodd td {background-color: #3F3}.passedeven td {background-color: #0A0}.skippedodd td {background-color: #DDD}.skippedeven td {background-color: #CCC}.failedodd td,.attn {background-color: #F33}.failedeven td,.stripe .attn {background-color: #D00}.stacktrace {white-space:pre;font-family:monospace}.totop {font-size:85%;text-align:center;border-bottom:2px solid #000}.invisible {display:none}</style>
</head>
<body>
<table>
<tr><th>Test</th><th># Passed</th><th># Skipped</th><th># Retried</th><th># Failed</th><th>Time (ms)</th><th>Included Groups</th><th>Excluded Groups</th></tr>
<tr><th colspan="8">Suite</th></tr>
<tr><td><a href="#t0">TestNg</a></td><td class="num">1</td><td class="num">0</td><td class="num">0</td><td class="num attn">3</td><td class="num">120,458</td><td></td><td></td></tr>
</table>
<table id='summary'><thead><tr><th>Class</th><th>Method</th><th>Start</th><th>Time (ms)</th></tr></thead><tbody><tr><th colspan="4">Suite</th></tr></tbody><tbody id="t0"><tr><th colspan="4">TestNg &#8212; failed</th></tr><tr class="failedeven"><td rowspan="1">testcases.TC_MC_001</td><td><a href="#m0">TC_MC_001testCase</a></td><td rowspan="1">1731997809231</td><td rowspan="1">5185</td></tr><tr class="failedodd"><td rowspan="1">testcases.TC_MC_004</td><td><a href="#m1">TC_MC_004_testCase</a></td><td rowspan="1">1731997769627</td><td rowspan="1">16334</td></tr><tr class="failedeven"><td rowspan="1">testcases.TC_MC_005</td><td><a href="#m2">TC_MC_005_testCase</a></td><td rowspan="1">1731997795365</td><td rowspan="1">6896</td></tr><tr><th colspan="4">TestNg &#8212; passed</th></tr><tr class="passedeven"><td rowspan="1">testcases.TC_MC_002</td><td><a href="#m3">TC_MC_002_testCase</a></td><td rowspan="1">1731997820643</td><td rowspan="1">57696</td></tr></tbody>
</table>
<h2>TestNg</h2><h3 id="m0">testcases.TC_MC_001#TC_MC_001testCase</h3><table class="result"><tr><th>Exception</th></tr><tr><td><div class="stacktrace">java.lang.AssertionError: Case Page Message Did Not Match expected [My Casess] but found [My Cases]
	at testcases.TC_MC_001.TC_MC_001testCase(TC_MC_001.java:45)
	at java.base/java.util.ArrayList.forEach(ArrayList.java:1597)
... Removed 30 stack frames</div></td></tr></table><p class="totop"><a href="#summary">back to summary</a></p>
<h3 id="m1">testcases.TC_MC_004#TC_MC_004_testCase</h3><table class="result"><tr><th>Exception</th></tr><tr><td><div class="stacktrace">java.lang.AssertionError: element click intercepted: Element &lt;span class=&quot;plusminus2&quot; id=&quot;pm&quot; title=&quot;Expand&quot;&gt;&lt;/span&gt; is not clickable at point (24, 124). Other element would receive the click: &lt;div class=&quot;popupProcessing&quot;&gt;...&lt;/div&gt;
  (Session info: chrome=131.0.6778.70)
Build info: version: &apos;4.26.0&apos;, revision: &apos;8ccf0219d7&apos;
System info: os.name: &apos;Windows 10&apos;, os.arch: &apos;amd64&apos;, os.version: &apos;10.0&apos;, java.version: &apos;23&apos;
Driver info: org.openqa.selenium.chrome.ChromeDriver
Command: [c3b54511b40730ed6b883b4e7d12bb71, clickElement {id=f.E7799139F6FD23F6034D578BD01FB783.d.A0D1F7B51FEB0E14949B491EF4504F14.e.276}]
Capabilities {acceptInsecureCerts: false, browserName: chrome, browserVersion: 131.0.6778.70, chrome: {chromedriverVersion: 131.0.6778.69 (77e2244bbcda..., userDataDir: C:\Users\SIVAKU~1.VEE\AppDa...}, fedcm:accounts: true, goog:chromeOptions: {debuggerAddress: localhost:57401}, networkConnectionEnabled: false, pageLoadStrategy: normal, platformName: windows, proxy: Proxy(), se:cdp: ws://localhost:57401/devtoo..., se:cdpVersion: 131.0.6778.70, setWindowRect: true, strictFileInteractability: false, timeouts: {implicit: 0, pageLoad: 300000, script: 30000}, unhandledPromptBehavior: dismiss and notify, webauthn:extension:credBlob: true, webauthn:extension:largeBlob: true, webauthn:extension:minPinLength: true, webauthn:extension:prf: true, webauthn:virtualAuthenticators: true}
Element: [[ChromeDriver: chrome on windows (c3b54511b40730ed6b883b4e7d12bb71)] -&gt; xpath: //span[@id=&apos;pm&apos;]]
Session ID: c3b54511b40730ed6b883b4e7d12bb71
	at testcases.TC_MC_004.TC_MC_004_testCase(TC_MC_004.java:52)
	at java.base/java.util.ArrayList.forEach(ArrayList.java:1597)
... Removed 26 stack frames</div></td></tr></table><p class="totop"><a href="#summary">back to summary</a></p>
<h3 id="m2">testcases.TC_MC_005#TC_MC_005_testCase</h3><table class="result"><tr><th>Exception</th></tr><tr><td><div class="stacktrace">java.lang.AssertionError: element click intercepted: Element &lt;span class=&quot;plusminus2&quot; id=&quot;pm&quot; title=&quot;Expand&quot;&gt;&lt;/span&gt; is not clickable at point (24, 124). Other element would receive the click: &lt;div class=&quot;popupProcessing&quot;&gt;...&lt;/div&gt;
  (Session info: chrome=131.0.6778.70)
Build info: version: &apos;4.26.0&apos;, revision: &apos;8ccf0219d7&apos;
System info: os.name: &apos;Windows 10&apos;, os.arch: &apos;amd64&apos;, os.version: &apos;10.0&apos;, java.version: &apos;23&apos;
Driver info: org.openqa.selenium.chrome.ChromeDriver
Command: [f259bfd550d765639eb782d2c43157a7, clickElement {id=f.93AE4AF252C9811ED0C1070D750E5771.d.8760E50C443FA812EE859FE0D6E4DB41.e.267}]
Capabilities {acceptInsecureCerts: false, browserName: chrome, browserVersion: 131.0.6778.70, chrome: {chromedriverVersion: 131.0.6778.69 (77e2244bbcda..., userDataDir: C:\Users\SIVAKU~1.VEE\AppDa...}, fedcm:accounts: true, goog:chromeOptions: {debuggerAddress: localhost:57502}, networkConnectionEnabled: false, pageLoadStrategy: normal, platformName: windows, proxy: Proxy(), se:cdp: ws://localhost:57502/devtoo..., se:cdpVersion: 131.0.6778.70, setWindowRect: true, strictFileInteractability: false, timeouts: {implicit: 0, pageLoad: 300000, script: 30000}, unhandledPromptBehavior: dismiss and notify, webauthn:extension:credBlob: true, webauthn:extension:largeBlob: true, webauthn:extension:minPinLength: true, webauthn:extension:prf: true, webauthn:virtualAuthenticators: true}
Element: [[ChromeDriver: chrome on windows (f259bfd550d765639eb782d2c43157a7)] -&gt; xpath: //span[@id=&apos;pm&apos;]]
Session ID: f259bfd550d765639eb782d2c43157a7
	at testcases.TC_MC_005.TC_MC_005_testCase(TC_MC_005.java:56)
	at java.base/java.util.ArrayList.forEach(ArrayList.java:1597)
... Removed 26 stack frames</div></td></tr></table><p class="totop"><a href="#summary">back to summary</a></p>
<h3 id="m3">testcases.TC_MC_002#TC_MC_002_testCase</h3><table class="result"><tr><th class="invisible"/></tr></table><p class="totop"><a href="#summary">back to summary</a></p>
</body>
</html>
